<?xml version="1.0" encoding="UTF-8"?>
<testng-results ignored="0" total="2" passed="2" failed="0" skipped="0">
  <reporter-output>
  </reporter-output>
  <suite started-at="2022-11-14T15:28:23 IST" name="Default suite" finished-at="2022-11-14T15:30:02 IST" duration-ms="98463">
    <groups>
    </groups>
    <test started-at="2022-11-14T15:28:23 IST" name="Default test" finished-at="2022-11-14T15:30:02 IST" duration-ms="98463">
      <class name="pPages.LogIn">
        <test-method signature="NavigateLogin(java.lang.String,java.lang.String)[pri:0, instance:pPages.LogIn@342c38f8]" started-at="2022-11-14T15:28:23 IST" name="NavigateLogin" data-provider="getdata" finished-at="2022-11-14T15:29:13 IST" duration-ms="49470" status="PASS">
          <params>
            <param index="0">
              <value>
                <![CDATA[FirsEmailid@gmail.com]]>
              </value>
            </param>
            <param index="1">
              <value>
                <![CDATA[123]]>
              </value>
            </param>
          </params>
          <reporter-output>
          </reporter-output>
        </test-method> <!-- NavigateLogin -->
        <test-method signature="NavigateLogin(java.lang.String,java.lang.String)[pri:0, instance:pPages.LogIn@342c38f8]" started-at="2022-11-14T15:29:13 IST" name="NavigateLogin" data-provider="getdata" finished-at="2022-11-14T15:30:02 IST" duration-ms="48952" status="PASS">
          <params>
            <param index="0">
              <value>
                <![CDATA[SecondEmailid@gmail.com]]>
              </value>
            </param>
            <param index="1">
              <value>
                <![CDATA[456]]>
              </value>
            </param>
          </params>
          <reporter-output>
          </reporter-output>
        </test-method> <!-- NavigateLogin -->
      </class> <!-- pPages.LogIn -->
    </test> <!-- Default test -->
  </suite> <!-- Default suite -->
</testng-results>
